<?xml version="1.0" encoding="UTF-8"?>
<coverage generated="1689561297669" clover="3.2.0">
  <project timestamp="1689561297669" name="All files">
    <metrics statements="41" coveredstatements="31" conditionals="14" coveredconditionals="10" methods="12" coveredmethods="9" elements="67" coveredelements="50" complexity="0" loc="41" ncloc="41" packages="3" files="4" classes="4"/>
    <package name="contacts">
      <metrics statements="12" coveredstatements="4" conditionals="2" coveredconditionals="0" methods="3" coveredmethods="1"/>
      <file name="api.js" path="M:\workspace\CS50M\contacts\api.js">
        <metrics statements="12" coveredstatements="4" conditionals="2" coveredconditionals="0" methods="3" coveredmethods="1"/>
        <line num="1" count="2" type="stmt"/>
        <line num="6" count="2" type="stmt"/>
        <line num="7" count="0" type="stmt"/>
        <line num="8" count="0" type="stmt"/>
        <line num="9" count="0" type="stmt"/>
        <line num="12" count="2" type="stmt"/>
        <line num="13" count="1" type="stmt"/>
        <line num="19" count="0" type="cond" truecount="0" falsecount="2"/>
        <line num="20" count="0" type="stmt"/>
        <line num="21" count="0" type="stmt"/>
        <line num="24" count="0" type="stmt"/>
        <line num="25" count="0" type="stmt"/>
      </file>
    </package>
    <package name="contacts.components">
      <metrics statements="3" coveredstatements="3" conditionals="2" coveredconditionals="2" methods="2" coveredmethods="1"/>
      <file name="MyButton.js" path="M:\workspace\CS50M\contacts\components\MyButton.js">
        <metrics statements="3" coveredstatements="3" conditionals="2" coveredconditionals="2" methods="2" coveredmethods="1"/>
        <line num="5" count="1" type="stmt"/>
        <line num="6" count="3" type="cond" truecount="2" falsecount="0"/>
        <line num="9" count="1" type="stmt"/>
      </file>
    </package>
    <package name="contacts.redux">
      <metrics statements="26" coveredstatements="24" conditionals="10" coveredconditionals="8" methods="7" coveredmethods="7"/>
      <file name="actions.js" path="M:\workspace\CS50M\contacts\redux\actions.js">
        <metrics statements="14" coveredstatements="14" conditionals="1" coveredconditionals="1" methods="4" coveredmethods="4"/>
        <line num="4" count="2" type="stmt"/>
        <line num="5" count="2" type="stmt"/>
        <line num="6" count="2" type="stmt"/>
        <line num="7" count="2" type="stmt"/>
        <line num="8" count="2" type="stmt"/>
        <line num="10" count="4" type="stmt"/>
        <line num="15" count="2" type="stmt"/>
        <line num="23" count="2" type="cond" truecount="1" falsecount="0"/>
        <line num="24" count="3" type="stmt"/>
        <line num="25" count="3" type="stmt"/>
        <line num="26" count="3" type="stmt"/>
        <line num="27" count="3" type="stmt"/>
        <line num="28" count="1" type="stmt"/>
        <line num="30" count="2" type="stmt"/>
      </file>
      <file name="reducer.js" path="M:\workspace\CS50M\contacts\redux\reducer.js">
        <metrics statements="12" coveredstatements="10" conditionals="9" coveredconditionals="7" methods="3" coveredmethods="3"/>
        <line num="11" count="2" type="stmt"/>
        <line num="13" count="1" type="cond" truecount="1" falsecount="0"/>
        <line num="14" count="4" type="cond" truecount="2" falsecount="0"/>
        <line num="15" count="3" type="stmt"/>
        <line num="18" count="1" type="cond" truecount="1" falsecount="0"/>
        <line num="19" count="4" type="cond" truecount="3" falsecount="2"/>
        <line num="21" count="1" type="stmt"/>
        <line num="23" count="1" type="stmt"/>
        <line num="25" count="0" type="stmt"/>
        <line num="27" count="0" type="stmt"/>
        <line num="30" count="2" type="stmt"/>
        <line num="34" count="1" type="stmt"/>
      </file>
    </package>
  </project>
</coverage>
