{"M:\\workspace\\CS50M\\contacts\\api.js": {"path":"M:\\workspace\\CS50M\\contacts\\api.js","statementMap":{"0":{"start":{"line":1,"column":23},"end":{"line":4,"column":2}},"1":{"start":{"line":1,"column":37},"end":{"line":4,"column":1}},"2":{"start":{"line":6,"column":26},"end":{"line":10,"column":1}},"3":{"start":{"line":7,"column":19},"end":{"line":7,"column":78}},"4":{"start":{"line":8,"column":22},"end":{"line":8,"column":43}},"5":{"start":{"line":9,"column":2},"end":{"line":9,"column":37}},"6":{"start":{"line":12,"column":21},"end":{"line":26,"column":1}},"7":{"start":{"line":13,"column":19},"end":{"line":17,"column":4}},"8":{"start":{"line":19,"column":2},"end":{"line":22,"column":3}},"9":{"start":{"line":20,"column":22},"end":{"line":20,"column":43}},"10":{"start":{"line":21,"column":4},"end":{"line":21,"column":17}},"11":{"start":{"line":24,"column":21},"end":{"line":24,"column":42}},"12":{"start":{"line":25,"column":2},"end":{"line":25,"column":30}}},"fnMap":{"0":{"name":"(anonymous_0)","decl":{"start":{"line":1,"column":23},"end":{"line":1,"column":24}},"loc":{"start":{"line":1,"column":37},"end":{"line":4,"column":1}},"line":1},"1":{"name":"(anonymous_1)","decl":{"start":{"line":6,"column":26},"end":{"line":6,"column":27}},"loc":{"start":{"line":6,"column":38},"end":{"line":10,"column":1}},"line":6},"2":{"name":"(anonymous_2)","decl":{"start":{"line":12,"column":21},"end":{"line":12,"column":22}},"loc":{"start":{"line":12,"column":51},"end":{"line":26,"column":1}},"line":12}},"branchMap":{"0":{"loc":{"start":{"line":19,"column":2},"end":{"line":22,"column":3}},"type":"if","locations":[{"start":{"line":19,"column":2},"end":{"line":22,"column":3}},{"start":{},"end":{}}],"line":19}},"s":{"0":2,"1":0,"2":2,"3":0,"4":0,"5":0,"6":2,"7":1,"8":0,"9":0,"10":0,"11":0,"12":0},"f":{"0":0,"1":0,"2":1},"b":{"0":[0,0]},"_coverageSchema":"1a1c01bbd47fc00a2c39e90264f33305004495a9","hash":"40be4191d92d8455a0b9f107622a56015320fbd0"}
,"M:\\workspace\\CS50M\\contacts\\components\\MyButton.js": {"path":"M:\\workspace\\CS50M\\contacts\\components\\MyButton.js","statementMap":{"0":{"start":{"line":5,"column":17},"end":{"line":7,"column":1}},"1":{"start":{"line":6,"column":2},"end":{"line":6,"column":75}},"2":{"start":{"line":9,"column":0},"end":{"line":11,"column":2}}},"fnMap":{"0":{"name":"(anonymous_0)","decl":{"start":{"line":5,"column":17},"end":{"line":5,"column":18}},"loc":{"start":{"line":6,"column":2},"end":{"line":6,"column":75}},"line":6},"1":{"name":"(anonymous_1)","decl":{"start":{"line":6,"column":32},"end":{"line":6,"column":33}},"loc":{"start":{"line":6,"column":38},"end":{"line":6,"column":40}},"line":6}},"branchMap":{"0":{"loc":{"start":{"line":6,"column":49},"end":{"line":6,"column":71}},"type":"binary-expr","locations":[{"start":{"line":6,"column":49},"end":{"line":6,"column":60}},{"start":{"line":6,"column":64},"end":{"line":6,"column":71}}],"line":6}},"s":{"0":1,"1":3,"2":1},"f":{"0":3,"1":0},"b":{"0":[3,1]},"_coverageSchema":"1a1c01bbd47fc00a2c39e90264f33305004495a9","hash":"9b47fc7cef645a425c678e9a354602e52cc14edb"}
,"M:\\workspace\\CS50M\\contacts\\redux\\actions.js": {"path":"M:\\workspace\\CS50M\\contacts\\redux\\actions.js","statementMap":{"0":{"start":{"line":4,"column":27},"end":{"line":4,"column":40}},"1":{"start":{"line":5,"column":30},"end":{"line":5,"column":46}},"2":{"start":{"line":6,"column":27},"end":{"line":6,"column":40}},"3":{"start":{"line":7,"column":32},"end":{"line":7,"column":50}},"4":{"start":{"line":8,"column":31},"end":{"line":8,"column":48}},"5":{"start":{"line":10,"column":26},"end":{"line":13,"column":2}},"6":{"start":{"line":10,"column":39},"end":{"line":13,"column":1}},"7":{"start":{"line":15,"column":26},"end":{"line":18,"column":2}},"8":{"start":{"line":15,"column":43},"end":{"line":18,"column":1}},"9":{"start":{"line":23,"column":2},"end":{"line":32,"column":3}},"10":{"start":{"line":24,"column":2},"end":{"line":32,"column":3}},"11":{"start":{"line":25,"column":4},"end":{"line":25,"column":36}},"12":{"start":{"line":26,"column":4},"end":{"line":31,"column":5}},"13":{"start":{"line":27,"column":20},"end":{"line":27,"column":53}},"14":{"start":{"line":28,"column":6},"end":{"line":28,"column":59}},"15":{"start":{"line":30,"column":6},"end":{"line":30,"column":64}}},"fnMap":{"0":{"name":"(anonymous_0)","decl":{"start":{"line":10,"column":26},"end":{"line":10,"column":27}},"loc":{"start":{"line":10,"column":39},"end":{"line":13,"column":1}},"line":10},"1":{"name":"(anonymous_1)","decl":{"start":{"line":15,"column":26},"end":{"line":15,"column":27}},"loc":{"start":{"line":15,"column":43},"end":{"line":18,"column":1}},"line":15},"2":{"name":"(anonymous_2)","decl":{"start":{"line":23,"column":2},"end":{"line":23,"column":3}},"loc":{"start":{"line":24,"column":2},"end":{"line":32,"column":3}},"line":24},"3":{"name":"(anonymous_3)","decl":{"start":{"line":24,"column":2},"end":{"line":24,"column":3}},"loc":{"start":{"line":24,"column":22},"end":{"line":32,"column":3}},"line":24}},"branchMap":{"0":{"loc":{"start":{"line":23,"column":23},"end":{"line":23,"column":38}},"type":"default-arg","locations":[{"start":{"line":23,"column":33},"end":{"line":23,"column":38}}],"line":23}},"s":{"0":2,"1":2,"2":2,"3":2,"4":2,"5":2,"6":4,"7":2,"8":1,"9":2,"10":3,"11":3,"12":3,"13":3,"14":1,"15":2},"f":{"0":4,"1":1,"2":3,"3":3},"b":{"0":[1]},"_coverageSchema":"1a1c01bbd47fc00a2c39e90264f33305004495a9","hash":"e412e40a69b750eed680f3394335f86a23d57216"}
,"M:\\workspace\\CS50M\\contacts\\redux\\reducer.js": {"path":"M:\\workspace\\CS50M\\contacts\\redux\\reducer.js","statementMap":{"0":{"start":{"line":11,"column":14},"end":{"line":11,"column":59}},"1":{"start":{"line":11,"column":30},"end":{"line":11,"column":59}},"2":{"start":{"line":13,"column":23},"end":{"line":16,"column":1}},"3":{"start":{"line":14,"column":2},"end":{"line":14,"column":72}},"4":{"start":{"line":14,"column":38},"end":{"line":14,"column":72}},"5":{"start":{"line":15,"column":2},"end":{"line":15,"column":15}},"6":{"start":{"line":18,"column":20},"end":{"line":32,"column":1}},"7":{"start":{"line":19,"column":2},"end":{"line":31,"column":3}},"8":{"start":{"line":21,"column":6},"end":{"line":21,"column":42}},"9":{"start":{"line":23,"column":6},"end":{"line":23,"column":59}},"10":{"start":{"line":25,"column":6},"end":{"line":25,"column":53}},"11":{"start":{"line":27,"column":6},"end":{"line":27,"column":56}},"12":{"start":{"line":30,"column":6},"end":{"line":30,"column":19}},"13":{"start":{"line":34,"column":16},"end":{"line":37,"column":2}}},"fnMap":{"0":{"name":"(anonymous_0)","decl":{"start":{"line":11,"column":14},"end":{"line":11,"column":15}},"loc":{"start":{"line":11,"column":30},"end":{"line":11,"column":59}},"line":11},"1":{"name":"(anonymous_1)","decl":{"start":{"line":13,"column":23},"end":{"line":13,"column":24}},"loc":{"start":{"line":13,"column":47},"end":{"line":16,"column":1}},"line":13},"2":{"name":"(anonymous_2)","decl":{"start":{"line":18,"column":20},"end":{"line":18,"column":21}},"loc":{"start":{"line":18,"column":44},"end":{"line":32,"column":1}},"line":18}},"branchMap":{"0":{"loc":{"start":{"line":13,"column":24},"end":{"line":13,"column":34}},"type":"default-arg","locations":[{"start":{"line":13,"column":32},"end":{"line":13,"column":34}}],"line":13},"1":{"loc":{"start":{"line":14,"column":2},"end":{"line":14,"column":72}},"type":"if","locations":[{"start":{"line":14,"column":2},"end":{"line":14,"column":72}},{"start":{},"end":{}}],"line":14},"2":{"loc":{"start":{"line":18,"column":21},"end":{"line":18,"column":31}},"type":"default-arg","locations":[{"start":{"line":18,"column":29},"end":{"line":18,"column":31}}],"line":18},"3":{"loc":{"start":{"line":19,"column":2},"end":{"line":31,"column":3}},"type":"switch","locations":[{"start":{"line":20,"column":4},"end":{"line":21,"column":42}},{"start":{"line":22,"column":4},"end":{"line":23,"column":59}},{"start":{"line":24,"column":4},"end":{"line":25,"column":53}},{"start":{"line":26,"column":4},"end":{"line":27,"column":56}},{"start":{"line":29,"column":4},"end":{"line":30,"column":19}}],"line":19}},"s":{"0":1,"1":2,"2":1,"3":4,"4":1,"5":3,"6":1,"7":4,"8":1,"9":1,"10":0,"11":0,"12":2,"13":1},"f":{"0":2,"1":4,"2":4},"b":{"0":[2],"1":[1,3],"2":[2],"3":[1,1,0,0,2]},"_coverageSchema":"1a1c01bbd47fc00a2c39e90264f33305004495a9","hash":"72cc0258b3650f02dbf6f878cfbf4352db9fdc8e"}
}
