TN:
SF:api.js
FN:1,(anonymous_0)
FN:6,(anonymous_1)
FN:12,(anonymous_2)
FNF:3
FNH:1
FNDA:0,(anonymous_0)
FNDA:0,(anonymous_1)
FNDA:1,(anonymous_2)
DA:1,2
DA:6,2
DA:7,0
DA:8,0
DA:9,0
DA:12,2
DA:13,1
DA:19,0
DA:20,0
DA:21,0
DA:24,0
DA:25,0
LF:12
LH:4
BRDA:19,0,0,0
BRDA:19,0,1,0
BRF:2
BRH:0
end_of_record
TN:
SF:components\MyButton.js
FN:5,(anonymous_0)
FN:6,(anonymous_1)
FNF:2
FNH:1
FNDA:3,(anonymous_0)
FNDA:0,(anonymous_1)
DA:5,1
DA:6,3
DA:9,1
LF:3
LH:3
BRDA:6,0,0,3
BRDA:6,0,1,1
BRF:2
BRH:2
end_of_record
TN:
SF:redux\actions.js
FN:10,(anonymous_0)
FN:15,(anonymous_1)
FN:23,(anonymous_2)
FN:24,(anonymous_3)
FNF:4
FNH:4
FNDA:4,(anonymous_0)
FNDA:1,(anonymous_1)
FNDA:3,(anonymous_2)
FNDA:3,(anonymous_3)
DA:4,2
DA:5,2
DA:6,2
DA:7,2
DA:8,2
DA:10,4
DA:15,2
DA:23,2
DA:24,3
DA:25,3
DA:26,3
DA:27,3
DA:28,1
DA:30,2
LF:14
LH:14
BRDA:23,0,0,1
BRF:1
BRH:1
end_of_record
TN:
SF:redux\reducer.js
FN:11,(anonymous_0)
FN:13,(anonymous_1)
FN:18,(anonymous_2)
FNF:3
FNH:3
FNDA:2,(anonymous_0)
FNDA:4,(anonymous_1)
FNDA:4,(anonymous_2)
DA:11,2
DA:13,1
DA:14,4
DA:15,3
DA:18,1
DA:19,4
DA:21,1
DA:23,1
DA:25,0
DA:27,0
DA:30,2
DA:34,1
LF:12
LH:10
BRDA:13,0,0,2
BRDA:14,1,0,1
BRDA:14,1,1,3
BRDA:18,2,0,2
BRDA:19,3,0,1
BRDA:19,3,1,1
BRDA:19,3,2,0
BRDA:19,3,3,0
BRDA:19,3,4,2
BRF:9
BRH:7
end_of_record
